This is pdfTeX, Version 3.14159265-2.6-1.40.16 (TeX Live 2015/Debian) (preloaded format=pdflatex 2017.9.3)  23 NOV 2017 21:41
entering extended mode
 restricted \write18 enabled.
 %&-line parsing enabled.
**main
(./main.tex
LaTeX2e <2016/02/01>
Babel <3.9q> and hyphenation patterns for 81 language(s) loaded.
(/usr/share/texlive/texmf-dist/tex/latex/elsarticle/elsarticle.cls
Document Class: elsarticle 2009/09/17, 1.2.0: Elsevier Ltd
\@bls=\dimen102
(/usr/share/texlive/texmf-dist/tex/latex/base/article.cls
Document Class: article 2014/09/29 v1.4h Standard LaTeX document class
(/usr/share/texlive/texmf-dist/tex/latex/base/size10.clo
File: size10.clo 2014/09/29 v1.4h Standard LaTeX file (size option)
)
\c@part=\count79
\c@section=\count80
\c@subsection=\count81
\c@subsubsection=\count82
\c@paragraph=\count83
\c@subparagraph=\count84
\c@figure=\count85
\c@table=\count86
\abovecaptionskip=\skip41
\belowcaptionskip=\skip42
\bibindent=\dimen103
)
(/usr/share/texlive/texmf-dist/tex/latex/graphics/graphicx.sty
Package: graphicx 2014/10/28 v1.0g Enhanced LaTeX Graphics (DPC,SPQR)

(/usr/share/texlive/texmf-dist/tex/latex/graphics/keyval.sty
Package: keyval 2014/10/28 v1.15 key=value parser (DPC)
\KV@toks@=\toks14
)
(/usr/share/texlive/texmf-dist/tex/latex/graphics/graphics.sty
Package: graphics 2016/01/03 v1.0q Standard LaTeX Graphics (DPC,SPQR)

(/usr/share/texlive/texmf-dist/tex/latex/graphics/trig.sty
Package: trig 2016/01/03 v1.10 sin cos tan (DPC)
)
(/usr/share/texlive/texmf-dist/tex/latex/latexconfig/graphics.cfg
File: graphics.cfg 2010/04/23 v1.9 graphics configuration of TeX Live
)
Package graphics Info: Driver file: pdftex.def on input line 95.

(/usr/share/texlive/texmf-dist/tex/latex/pdftex-def/pdftex.def
File: pdftex.def 2011/05/27 v0.06d Graphics/color for pdfTeX

(/usr/share/texlive/texmf-dist/tex/generic/oberdiek/infwarerr.sty
Package: infwarerr 2010/04/08 v1.3 Providing info/warning/error messages (HO)
)
(/usr/share/texlive/texmf-dist/tex/generic/oberdiek/ltxcmds.sty
Package: ltxcmds 2011/11/09 v1.22 LaTeX kernel commands for general use (HO)
)
\Gread@gobject=\count87
))
\Gin@req@height=\dimen104
\Gin@req@width=\dimen105
)
(/usr/share/texlive/texmf-dist/tex/latex/psnfss/pifont.sty
Package: pifont 2005/04/12 PSNFSS-v9.2a Pi font support (SPQR) 
LaTeX Font Info:    Try loading font information for U+pzd on input line 63.

(/usr/share/texlive/texmf-dist/tex/latex/psnfss/upzd.fd
File: upzd.fd 2001/06/04 font definitions for U/pzd.
)
LaTeX Font Info:    Try loading font information for U+psy on input line 64.

(/usr/share/texlive/texmf-dist/tex/latex/psnfss/upsy.fd
File: upsy.fd 2001/06/04 font definitions for U/psy.
))
\c@tnote=\count88
\c@fnote=\count89
\c@cnote=\count90
\c@ead=\count91
\c@author=\count92
\@eadauthor=\toks15
\c@affn=\count93
\absbox=\box26
\keybox=\box27
\Columnwidth=\dimen106
\space@left=\dimen107
\els@boxa=\box28
\els@boxb=\box29
\leftMargin=\dimen108
\@enLab=\toks16
\@sep=\skip43
\@@sep=\skip44
 (./main.spl)
(/usr/share/texlive/texmf-dist/tex/latex/natbib/natbib.sty
Package: natbib 2010/09/13 8.31b (PWD, AO)
\bibhang=\skip45
\bibsep=\skip46
LaTeX Info: Redefining \cite on input line 694.
\c@NAT@ctr=\count94
)
\splwrite=\write3
\openout3 = `main.spl'.

)
(/usr/share/texlive/texmf-dist/tex/latex/lineno/lineno.sty
Package: lineno 2005/11/02 line numbers on paragraphs v4.41
\linenopenalty=\count95
\output=\toks17
\linenoprevgraf=\count96
\linenumbersep=\dimen109
\linenumberwidth=\dimen110
\c@linenumber=\count97
\c@pagewiselinenumber=\count98
\c@LN@truepage=\count99
\c@internallinenumber=\count100
\c@internallinenumbers=\count101
\quotelinenumbersep=\dimen111
\bframerule=\dimen112
\bframesep=\dimen113
\bframebox=\box30
LaTeX Info: Redefining \\ on input line 3056.
)
(/usr/share/texlive/texmf-dist/tex/latex/hyperref/hyperref.sty
Package: hyperref 2012/11/06 v6.83m Hypertext links for LaTeX

(/usr/share/texlive/texmf-dist/tex/generic/oberdiek/hobsub-hyperref.sty
Package: hobsub-hyperref 2012/05/28 v1.13 Bundle oberdiek, subset hyperref (HO)


(/usr/share/texlive/texmf-dist/tex/generic/oberdiek/hobsub-generic.sty
Package: hobsub-generic 2012/05/28 v1.13 Bundle oberdiek, subset generic (HO)
Package: hobsub 2012/05/28 v1.13 Construct package bundles (HO)
Package hobsub Info: Skipping package `infwarerr' (already loaded).
Package hobsub Info: Skipping package `ltxcmds' (already loaded).
Package: ifluatex 2010/03/01 v1.3 Provides the ifluatex switch (HO)
Package ifluatex Info: LuaTeX not detected.
Package: ifvtex 2010/03/01 v1.5 Detect VTeX and its facilities (HO)
Package ifvtex Info: VTeX not detected.
Package: intcalc 2007/09/27 v1.1 Expandable calculations with integers (HO)
Package: ifpdf 2011/01/30 v2.3 Provides the ifpdf switch (HO)
Package ifpdf Info: pdfTeX in PDF mode is detected.
Package: etexcmds 2011/02/16 v1.5 Avoid name clashes with e-TeX commands (HO)
Package etexcmds Info: Could not find \expanded.
(etexcmds)             That can mean that you are not using pdfTeX 1.50 or
(etexcmds)             that some package has redefined \expanded.
(etexcmds)             In the latter case, load this package earlier.
Package: kvsetkeys 2012/04/25 v1.16 Key value parser (HO)
Package: kvdefinekeys 2011/04/07 v1.3 Define keys (HO)
Package: pdftexcmds 2011/11/29 v0.20 Utility functions of pdfTeX for LuaTeX (HO
)
Package pdftexcmds Info: LuaTeX not detected.
Package pdftexcmds Info: \pdf@primitive is available.
Package pdftexcmds Info: \pdf@ifprimitive is available.
Package pdftexcmds Info: \pdfdraftmode found.
Package: pdfescape 2011/11/25 v1.13 Implements pdfTeX's escape features (HO)
Package: bigintcalc 2012/04/08 v1.3 Expandable calculations on big integers (HO
)
Package: bitset 2011/01/30 v1.1 Handle bit-vector datatype (HO)
Package: uniquecounter 2011/01/30 v1.2 Provide unlimited unique counter (HO)
)
Package hobsub Info: Skipping package `hobsub' (already loaded).
Package: letltxmacro 2010/09/02 v1.4 Let assignment for LaTeX macros (HO)
Package: hopatch 2012/05/28 v1.2 Wrapper for package hooks (HO)
Package: xcolor-patch 2011/01/30 xcolor patch
Package: atveryend 2011/06/30 v1.8 Hooks at the very end of document (HO)
Package atveryend Info: \enddocument detected (standard20110627).
Package: atbegshi 2011/10/05 v1.16 At begin shipout hook (HO)
Package: refcount 2011/10/16 v3.4 Data extraction from label references (HO)
Package: hycolor 2011/01/30 v1.7 Color options for hyperref/bookmark (HO)
)
(/usr/share/texlive/texmf-dist/tex/generic/ifxetex/ifxetex.sty
Package: ifxetex 2010/09/12 v0.6 Provides ifxetex conditional
)
(/usr/share/texlive/texmf-dist/tex/latex/oberdiek/auxhook.sty
Package: auxhook 2011/03/04 v1.3 Hooks for auxiliary files (HO)
)
(/usr/share/texlive/texmf-dist/tex/latex/oberdiek/kvoptions.sty
Package: kvoptions 2011/06/30 v3.11 Key value format for package options (HO)
)
\@linkdim=\dimen114
\Hy@linkcounter=\count102
\Hy@pagecounter=\count103

(/usr/share/texlive/texmf-dist/tex/latex/hyperref/pd1enc.def
File: pd1enc.def 2012/11/06 v6.83m Hyperref: PDFDocEncoding definition (HO)
)
\Hy@SavedSpaceFactor=\count104

(/usr/share/texlive/texmf-dist/tex/latex/latexconfig/hyperref.cfg
File: hyperref.cfg 2002/06/06 v1.2 hyperref configuration of TeXLive
)
Package hyperref Info: Hyper figures OFF on input line 4443.
Package hyperref Info: Link nesting OFF on input line 4448.
Package hyperref Info: Hyper index ON on input line 4451.
Package hyperref Info: Plain pages OFF on input line 4458.
Package hyperref Info: Backreferencing OFF on input line 4463.
Package hyperref Info: Implicit mode ON; LaTeX internals redefined.
Package hyperref Info: Bookmarks ON on input line 4688.
\c@Hy@tempcnt=\count105

(/usr/share/texlive/texmf-dist/tex/latex/url/url.sty
\Urlmuskip=\muskip10
Package: url 2013/09/16  ver 3.4  Verb mode for urls, etc.
)
LaTeX Info: Redefining \url on input line 5041.
\XeTeXLinkMargin=\dimen115
\Fld@menulength=\count106
\Field@Width=\dimen116
\Fld@charsize=\dimen117
Package hyperref Info: Hyper figures OFF on input line 6295.
Package hyperref Info: Link nesting OFF on input line 6300.
Package hyperref Info: Hyper index ON on input line 6303.
Package hyperref Info: backreferencing OFF on input line 6310.
Package hyperref Info: Link coloring OFF on input line 6315.
Package hyperref Info: Link coloring with OCG OFF on input line 6320.
Package hyperref Info: PDF/A mode OFF on input line 6325.
LaTeX Info: Redefining \ref on input line 6365.
LaTeX Info: Redefining \pageref on input line 6369.
\Hy@abspage=\count107
\c@Item=\count108
\c@Hfootnote=\count109
)

Package hyperref Message: Driver (autodetected): hpdftex.

(/usr/share/texlive/texmf-dist/tex/latex/hyperref/hpdftex.def
File: hpdftex.def 2012/11/06 v6.83m Hyperref driver for pdfTeX
\Fld@listcount=\count110
\c@bookmark@seq@number=\count111

(/usr/share/texlive/texmf-dist/tex/latex/oberdiek/rerunfilecheck.sty
Package: rerunfilecheck 2011/04/15 v1.7 Rerun checks for auxiliary files (HO)
Package uniquecounter Info: New unique counter `rerunfilecheck' on input line 2
82.
)
\Hy@SectionHShift=\skip47
)
(/usr/share/texlive/texmf-dist/tex/latex/tools/bm.sty
Package: bm 2014/10/28 v1.1c Bold Symbol Support (DPC/FMi)
\symboldoperators=\mathgroup4
\symboldletters=\mathgroup5
\symboldsymbols=\mathgroup6
LaTeX Font Info:    Redeclaring math alphabet \mathbf on input line 141.
LaTeX Info: Redefining \bm on input line 207.
)
(/usr/share/texlive/texmf-dist/tex/latex/amsmath/amsmath.sty
Package: amsmath 2016/03/03 v2.15a AMS math features
\@mathmargin=\skip48

For additional information on amsmath, use the `?' option.
(/usr/share/texlive/texmf-dist/tex/latex/amsmath/amstext.sty
Package: amstext 2000/06/29 v2.01 AMS text

(/usr/share/texlive/texmf-dist/tex/latex/amsmath/amsgen.sty
File: amsgen.sty 1999/11/30 v2.0 generic functions
\@emptytoks=\toks18
\ex@=\dimen118
))
(/usr/share/texlive/texmf-dist/tex/latex/amsmath/amsbsy.sty
Package: amsbsy 1999/11/29 v1.2d Bold Symbols
LaTeX Info: Redefining \boldsymbol on input line 28.
\pmbraise@=\dimen119
)
(/usr/share/texlive/texmf-dist/tex/latex/amsmath/amsopn.sty
Package: amsopn 1999/12/14 v2.01 operator names
)
\inf@bad=\count112
LaTeX Info: Redefining \frac on input line 199.
\uproot@=\count113
\leftroot@=\count114
LaTeX Info: Redefining \overline on input line 297.
\classnum@=\count115
\DOTSCASE@=\count116
LaTeX Info: Redefining \ldots on input line 394.
LaTeX Info: Redefining \dots on input line 397.
LaTeX Info: Redefining \cdots on input line 518.
\Mathstrutbox@=\box31
\strutbox@=\box32
\big@size=\dimen120
LaTeX Font Info:    Redeclaring font encoding OML on input line 630.
LaTeX Font Info:    Redeclaring font encoding OMS on input line 631.
\macc@depth=\count117
\c@MaxMatrixCols=\count118
\dotsspace@=\muskip11
\c@parentequation=\count119
\dspbrk@lvl=\count120
\tag@help=\toks19
\row@=\count121
\column@=\count122
\maxfields@=\count123
\andhelp@=\toks20
\eqnshift@=\dimen121
\alignsep@=\dimen122
\tagshift@=\dimen123
\tagwidth@=\dimen124
\totwidth@=\dimen125
\lineht@=\dimen126
\@envbody=\toks21
\multlinegap=\skip49
\multlinetaggap=\skip50
\mathdisplay@stack=\toks22
LaTeX Info: Redefining \[ on input line 2735.
LaTeX Info: Redefining \] on input line 2736.
)
(/usr/share/texlive/texmf-dist/tex/latex/amsfonts/amssymb.sty
Package: amssymb 2013/01/14 v3.01 AMS font symbols

(/usr/share/texlive/texmf-dist/tex/latex/amsfonts/amsfonts.sty
Package: amsfonts 2013/01/14 v3.01 Basic AMSFonts support
\symAMSa=\mathgroup7
\symAMSb=\mathgroup8
LaTeX Font Info:    Overwriting math alphabet `\mathfrak' in version `bold'
(Font)                  U/euf/m/n --> U/euf/b/n on input line 106.
))
(/usr/share/texlive/texmf-dist/tex/latex/amscls/amsthm.sty
Package: amsthm 2015/03/04 v2.20.2
\thm@style=\toks23
\thm@bodyfont=\toks24
\thm@headfont=\toks25
\thm@notefont=\toks26
\thm@headpunct=\toks27
\thm@preskip=\skip51
\thm@postskip=\skip52
\thm@headsep=\skip53
\dth@everypar=\toks28
LaTeX Info: Redefining \qed on input line 264.
)
(/usr/share/texlive/texmf-dist/tex/latex/graphics/color.sty
Package: color 2016/01/03 v1.1b Standard LaTeX Color (DPC)

(/usr/share/texlive/texmf-dist/tex/latex/latexconfig/color.cfg
File: color.cfg 2007/01/18 v1.5 color configuration of teTeX/TeXLive
)
Package color Info: Driver file: pdftex.def on input line 143.
)
(/usr/share/texlive/texmf-dist/tex/latex/booktabs/booktabs.sty
Package: booktabs 2005/04/14 v1.61803 publication quality tables
\heavyrulewidth=\dimen127
\lightrulewidth=\dimen128
\cmidrulewidth=\dimen129
\belowrulesep=\dimen130
\belowbottomsep=\dimen131
\aboverulesep=\dimen132
\abovetopsep=\dimen133
\cmidrulesep=\dimen134
\cmidrulekern=\dimen135
\defaultaddspace=\dimen136
\@cmidla=\count124
\@cmidlb=\count125
\@aboverulesep=\dimen137
\@belowrulesep=\dimen138
\@thisruleclass=\count126
\@lastruleclass=\count127
\@thisrulewidth=\dimen139
)
(/usr/share/texlive/texmf-dist/tex/latex/appendix/appendix.sty
Package: appendix 2009/09/02 v1.2b extra appendix facilities
\c@@pps=\count128
\c@@ppsavesec=\count129
\c@@ppsaveapp=\count130
)
(/usr/share/texlive/texmf-dist/tex/latex/subfigure/subfigure.sty
Package: subfigure 2002/03/15 v2.1.5 subfigure package
\subfigtopskip=\skip54
\subfigcapskip=\skip55
\subfigcaptopadj=\dimen140
\subfigbottomskip=\skip56
\subfigcapmargin=\dimen141
\subfiglabelskip=\skip57
\c@subfigure=\count131
\c@lofdepth=\count132
\c@subtable=\count133
\c@lotdepth=\count134

****************************************
* Local config file subfigure.cfg used *
****************************************
(/usr/share/texlive/texmf-dist/tex/latex/subfigure/subfigure.cfg)
\subfig@top=\skip58
\subfig@bottom=\skip59
)
(/usr/share/texlive/texmf-dist/tex/generic/ulem/ulem.sty
\UL@box=\box33
\UL@hyphenbox=\box34
\UL@skip=\skip60
\UL@hook=\toks29
\UL@height=\dimen142
\UL@pe=\count135
\UL@pixel=\dimen143
\ULC@box=\box35
Package: ulem 2012/05/18
\ULdepth=\dimen144
)
\c@theorem=\count136
\c@proposition=\count137
\c@corollary=\count138
\c@lemma=\count139
\c@example=\count140
\c@assumption=\count141
\c@condition=\count142
\c@remark=\count143
 (./main.aux

LaTeX Warning: Label `hahaha' multiply defined.


LaTeX Warning: Label `hahaha' multiply defined.

)
\openout1 = `main.aux'.

LaTeX Font Info:    Checking defaults for OML/cmm/m/it on input line 111.
LaTeX Font Info:    ... okay on input line 111.
LaTeX Font Info:    Checking defaults for T1/cmr/m/n on input line 111.
LaTeX Font Info:    ... okay on input line 111.
LaTeX Font Info:    Checking defaults for OT1/cmr/m/n on input line 111.
LaTeX Font Info:    ... okay on input line 111.
LaTeX Font Info:    Checking defaults for OMS/cmsy/m/n on input line 111.
LaTeX Font Info:    ... okay on input line 111.
LaTeX Font Info:    Checking defaults for OMX/cmex/m/n on input line 111.
LaTeX Font Info:    ... okay on input line 111.
LaTeX Font Info:    Checking defaults for U/cmr/m/n on input line 111.
LaTeX Font Info:    ... okay on input line 111.
LaTeX Font Info:    Checking defaults for PD1/pdf/m/n on input line 111.
LaTeX Font Info:    ... okay on input line 111.
 (/usr/share/texlive/texmf-dist/tex/context/base/supp-pdf.mkii
[Loading MPS to PDF converter (version 2006.09.02).]
\scratchcounter=\count144
\scratchdimen=\dimen145
\scratchbox=\box36
\nofMPsegments=\count145
\nofMParguments=\count146
\everyMPshowfont=\toks30
\MPscratchCnt=\count147
\MPscratchDim=\dimen146
\MPnumerator=\count148
\makeMPintoPDFobject=\count149
\everyMPtoPDFconversion=\toks31
) (/usr/share/texlive/texmf-dist/tex/latex/oberdiek/epstopdf-base.sty
Package: epstopdf-base 2010/02/09 v2.5 Base part for package epstopdf

(/usr/share/texlive/texmf-dist/tex/latex/oberdiek/grfext.sty
Package: grfext 2010/08/19 v1.1 Manage graphics extensions (HO)
)
Package grfext Info: Graphics extension search list:
(grfext)             [.png,.pdf,.jpg,.mps,.jpeg,.jbig2,.jb2,.PNG,.PDF,.JPG,.JPE
G,.JBIG2,.JB2,.eps]
(grfext)             \AppendGraphicsExtensions on input line 452.

(/usr/share/texlive/texmf-dist/tex/latex/latexconfig/epstopdf-sys.cfg
File: epstopdf-sys.cfg 2010/07/13 v1.3 Configuration of (r)epstopdf for TeX Liv
e
))
\AtBeginShipoutBox=\box37
Package hyperref Info: Link coloring OFF on input line 111.

(/usr/share/texlive/texmf-dist/tex/latex/hyperref/nameref.sty
Package: nameref 2012/10/27 v2.43 Cross-referencing by name of section

(/usr/share/texlive/texmf-dist/tex/generic/oberdiek/gettitlestring.sty
Package: gettitlestring 2010/12/03 v1.4 Cleanup title references (HO)
)
\c@section@level=\count150
)
LaTeX Info: Redefining \ref on input line 111.
LaTeX Info: Redefining \pageref on input line 111.
LaTeX Info: Redefining \nameref on input line 111.

(./main.out) (./main.out)
\@outlinefile=\write4
\openout4 = `main.out'.

LaTeX Font Info:    Try loading font information for U+msa on input line 134.

(/usr/share/texlive/texmf-dist/tex/latex/amsfonts/umsa.fd
File: umsa.fd 2013/01/14 v3.01 AMS symbols A
)
LaTeX Font Info:    Try loading font information for U+msb on input line 134.

(/usr/share/texlive/texmf-dist/tex/latex/amsfonts/umsb.fd
File: umsb.fd 2013/01/14 v3.01 AMS symbols B
) [1


{/var/lib/texmf/fonts/map/pdftex/updmap/pdftex.map}] [2] [3]

Package hyperref Warning: Token not allowed in a PDF string (PDFDocEncoding):
(hyperref)                removing `\begingroup' on input line 249.


Package hyperref Warning: Token not allowed in a PDF string (PDFDocEncoding):
(hyperref)                removing `\<let>-command' on input line 249.


Package hyperref Warning: Token not allowed in a PDF string (PDFDocEncoding):
(hyperref)                removing `\NAT@ctype' on input line 249.


Package hyperref Warning: Token not allowed in a PDF string (PDFDocEncoding):
(hyperref)                removing `\z@' on input line 249.


Package hyperref Warning: Token not allowed in a PDF string (PDFDocEncoding):
(hyperref)                removing `\let' on input line 249.


Package hyperref Warning: Token not allowed in a PDF string (PDFDocEncoding):
(hyperref)                removing `\let' on input line 249.


Package hyperref Warning: Token not allowed in a PDF string (PDFDocEncoding):
(hyperref)                removing `\new@ifnextchar' on input line 249.

[4] [5] [6]
Overfull \hbox (27.88779pt too wide) in paragraph at lines 406--409
[]\OT1/cmr/m/it/10 If $\OT1/cmr/m/n/10 (\OML/cmm/m/it/10 ^^\p[]\OT1/cmr/m/n/10 
)[][]\OT1/cmr/bx/n/10 V[]\OT1/cmr/m/n/10 (\OML/cmm/m/it/10 ^^V[] \OMS/cmsy/m/n/
10 ^^@ \OML/cmm/m/it/10 ^^V[]\OT1/cmr/m/n/10 )[][] \OMS/cmsy/m/n/10 ! \OML/cmm/
m/it/10 ^^P[] \OMS/cmsy/m/n/10 2 \OT1/cmr/m/n/10 (\OMS/cmsy/m/n/10 ^^@1\OML/cmm
/m/it/10 ; \OT1/cmr/m/n/10 +\OMS/cmsy/m/n/10 1\OT1/cmr/m/n/10 )$\OT1/cmr/m/it/1
0 , $\OML/cmm/m/it/10 i \OT1/cmr/m/n/10 = 1\OML/cmm/m/it/10 ; [] ; r$\OT1/cmr/m
/it/10 , and $[][]\OMS/cmsy/m/n/10 k[]\OT1/cmr/m/n/10 (\OML/cmm/m/it/10 ^^V[] \
OMS/cmsy/m/n/10 ^^@
 []

[7]
Overfull \hbox (27.88779pt too wide) in paragraph at lines 437--440
[]\OT1/cmr/m/it/10 If $\OT1/cmr/m/n/10 (\OML/cmm/m/it/10 ^^\p[]\OT1/cmr/m/n/10 
)[][]\OT1/cmr/bx/n/10 V[]\OT1/cmr/m/n/10 (\OML/cmm/m/it/10 ^^V[] \OMS/cmsy/m/n/
10 ^^@ \OML/cmm/m/it/10 ^^V[]\OT1/cmr/m/n/10 )[][] \OMS/cmsy/m/n/10 ! \OML/cmm/
m/it/10 ^^P[] \OMS/cmsy/m/n/10 2 \OT1/cmr/m/n/10 (\OMS/cmsy/m/n/10 ^^@1\OML/cmm
/m/it/10 ; \OT1/cmr/m/n/10 +\OMS/cmsy/m/n/10 1\OT1/cmr/m/n/10 )$\OT1/cmr/m/it/1
0 , $\OML/cmm/m/it/10 i \OT1/cmr/m/n/10 = 1\OML/cmm/m/it/10 ; [] ; r$\OT1/cmr/m
/it/10 , and $[][]\OMS/cmsy/m/n/10 k[]\OT1/cmr/m/n/10 (\OML/cmm/m/it/10 ^^V[] \
OMS/cmsy/m/n/10 ^^@
 []


Overfull \hbox (2.2418pt too wide) detected at line 479
[] []
 []

[8]
Overfull \hbox (3.94351pt too wide) in paragraph at lines 527--534
\OT1/cmr/m/n/10 some un-known pa-ram-e-ters. In or-der to con-sis-tently es-ti-
mate $\OML/cmm/m/it/10 F\OT1/cmr/m/n/10 (\OML/cmm/m/it/10 x\OT1/cmr/m/n/10 ; []
[]\OML/cmm/m/it/10 ; [] ; [][]; ^^[[]\OT1/cmr/m/n/10 )$,
 []

[9]
Overfull \hbox (22.78825pt too wide) in paragraph at lines 565--571
\OT1/cmr/m/n/10 dom vari-able. Hence the power of $\OML/cmm/m/it/10 T[]$ \OT1/c
mr/m/n/10 is largely im-pacted by $\OMS/cmsy/m/n/10 k\OML/cmm/m/it/10 ^^V[] \OM
S/cmsy/m/n/10 ^^@ \OML/cmm/m/it/10 ^^V[]\OMS/cmsy/m/n/10 k[]\OML/cmm/m/it/10 =[
]$\OT1/cmr/m/n/10 ,
 []

[10] [11]
Overfull \hbox (2.91983pt too wide) detected at line 688
[] []
 []


Overfull \hbox (48.96011pt too wide) detected at line 695
[]\OML/cmm/m/it/10 v[] \OT1/cmr/m/n/10 = \OML/cmm/m/it/10 O[]\OT1/cmr/m/n/10 (\
OML/cmm/m/it/10 ^^O[]\OT1/cmr/m/n/10 )\OML/cmm/m/it/10 ;  \OT1/cmr/m/n/10 1 \OM
S/cmsy/m/n/10 ^^T \OML/cmm/m/it/10 i \OMS/cmsy/m/n/10 6\OT1/cmr/m/n/10 = \OML/c
mm/m/it/10 j \OMS/cmsy/m/n/10 ^^T \OML/cmm/m/it/10 r;  [] []v[] \OT1/cmr/m/n/10
 = [] + \OML/cmm/m/it/10 O[]\OT1/cmr/m/n/10 (\OML/cmm/m/it/10 ^^O[]\OT1/cmr/m/n
/10 )\OML/cmm/m/it/10 ;  \OT1/cmr/m/n/10 1 \OMS/cmsy/m/n/10 ^^T \OML/cmm/m/it/1
0 i \OMS/cmsy/m/n/10 ^^T \OML/cmm/m/it/10 r;
 []

[12]
Overfull \hbox (19.42026pt too wide) detected at line 751
[]\OT1/cmr/m/n/10 1 + [][]\OML/cmm/m/it/10 r \OT1/cmr/m/n/10 + [] [] [][][][] =
 []1 + [][][] + \OML/cmm/m/it/10 O[]\OT1/cmr/m/n/10 ([]) = [] + \OML/cmm/m/it/1
0 O[]\OT1/cmr/m/n/10 ([]) + \OML/cmm/m/it/10 O[]\OT1/cmr/m/n/10 ([])\OML/cmm/m/
it/10 :
 []

[13]
Overfull \hbox (46.43279pt too wide) detected at line 827
[] []
 []


Overfull \hbox (52.74797pt too wide) detected at line 840
[] []
 []

[14] [15] [16]
LaTeX Font Info:    Try loading font information for OMS+cmr on input line 975.

 (/usr/share/texlive/texmf-dist/tex/latex/base/omscmr.fd
File: omscmr.fd 2014/09/29 v2.5h Standard LaTeX font definitions
)
LaTeX Font Info:    Font shape `OMS/cmr/m/n' in size <10> not available
(Font)              Font shape `OMS/cmsy/m/n' tried instead on input line 975.

[17]
Package epstopdf Info: Source file: <figure/qqplot/2n50p200.eps>
(epstopdf)                    date: 2017-11-22 03:01:14
(epstopdf)                    size: 304329 bytes
(epstopdf)             Output file: <figure/qqplot/2n50p200-eps-converted-to.pd
f>
(epstopdf)                    date: 2017-11-22 09:28:45
(epstopdf)                    size: 519811 bytes
(epstopdf)             Command: <repstopdf --outfile=figure/qqplot/2n50p200-eps
-converted-to.pdf figure/qqplot/2n50p200.eps>
(epstopdf)             \includegraphics on input line 1014.
Package epstopdf Info: Output file is already uptodate.

<figure/qqplot/2n50p200-eps-converted-to.pdf, id=366, 505.89pt x 505.89pt>
File: figure/qqplot/2n50p200-eps-converted-to.pdf Graphic file (type pdf)

<use figure/qqplot/2n50p200-eps-converted-to.pdf>
Package pdftex.def Info: figure/qqplot/2n50p200-eps-converted-to.pdf used on in
put line 1014.
(pdftex.def)             Requested size: 103.50105pt x 103.4997pt.
Package epstopdf Info: Source file: <figure/qqplot/2n50p500.eps>
(epstopdf)                    date: 2017-11-22 03:26:47
(epstopdf)                    size: 320713 bytes
(epstopdf)             Output file: <figure/qqplot/2n50p500-eps-converted-to.pd
f>
(epstopdf)                    date: 2017-11-22 09:28:46
(epstopdf)                    size: 524127 bytes
(epstopdf)             Command: <repstopdf --outfile=figure/qqplot/2n50p500-eps
-converted-to.pdf figure/qqplot/2n50p500.eps>
(epstopdf)             \includegraphics on input line 1017.
Package epstopdf Info: Output file is already uptodate.

<figure/qqplot/2n50p500-eps-converted-to.pdf, id=367, 505.89pt x 505.89pt>
File: figure/qqplot/2n50p500-eps-converted-to.pdf Graphic file (type pdf)

<use figure/qqplot/2n50p500-eps-converted-to.pdf>
Package pdftex.def Info: figure/qqplot/2n50p500-eps-converted-to.pdf used on in
put line 1017.
(pdftex.def)             Requested size: 103.50105pt x 103.4997pt.
Package epstopdf Info: Source file: <figure/qqplot/2n50p800.eps>
(epstopdf)                    date: 2017-11-22 04:57:05
(epstopdf)                    size: 310537 bytes
(epstopdf)             Output file: <figure/qqplot/2n50p800-eps-converted-to.pd
f>
(epstopdf)                    date: 2017-11-22 09:28:47
(epstopdf)                    size: 523007 bytes
(epstopdf)             Command: <repstopdf --outfile=figure/qqplot/2n50p800-eps
-converted-to.pdf figure/qqplot/2n50p800.eps>
(epstopdf)             \includegraphics on input line 1020.
Package epstopdf Info: Output file is already uptodate.

<figure/qqplot/2n50p800-eps-converted-to.pdf, id=368, 505.89pt x 505.89pt>
File: figure/qqplot/2n50p800-eps-converted-to.pdf Graphic file (type pdf)

<use figure/qqplot/2n50p800-eps-converted-to.pdf>
Package pdftex.def Info: figure/qqplot/2n50p800-eps-converted-to.pdf used on in
put line 1020.
(pdftex.def)             Requested size: 103.50105pt x 103.4997pt.
Package epstopdf Info: Source file: <figure/qqplot/2n100p200.eps>
(epstopdf)                    date: 2017-11-22 05:02:21
(epstopdf)                    size: 302473 bytes
(epstopdf)             Output file: <figure/qqplot/2n100p200-eps-converted-to.p
df>
(epstopdf)                    date: 2017-11-22 09:28:48
(epstopdf)                    size: 521201 bytes
(epstopdf)             Command: <repstopdf --outfile=figure/qqplot/2n100p200-ep
s-converted-to.pdf figure/qqplot/2n100p200.eps>
(epstopdf)             \includegraphics on input line 1024.
Package epstopdf Info: Output file is already uptodate.

<figure/qqplot/2n100p200-eps-converted-to.pdf, id=369, 505.89pt x 505.89pt>
File: figure/qqplot/2n100p200-eps-converted-to.pdf Graphic file (type pdf)

<use figure/qqplot/2n100p200-eps-converted-to.pdf>
Package pdftex.def Info: figure/qqplot/2n100p200-eps-converted-to.pdf used on i
nput line 1024.
(pdftex.def)             Requested size: 103.50105pt x 103.4997pt.
Package epstopdf Info: Source file: <figure/qqplot/2n100p500.eps>
(epstopdf)                    date: 2017-11-22 05:29:36
(epstopdf)                    size: 285897 bytes
(epstopdf)             Output file: <figure/qqplot/2n100p500-eps-converted-to.p
df>
(epstopdf)                    date: 2017-11-22 09:28:49
(epstopdf)                    size: 519958 bytes
(epstopdf)             Command: <repstopdf --outfile=figure/qqplot/2n100p500-ep
s-converted-to.pdf figure/qqplot/2n100p500.eps>
(epstopdf)             \includegraphics on input line 1027.
Package epstopdf Info: Output file is already uptodate.

<figure/qqplot/2n100p500-eps-converted-to.pdf, id=370, 505.89pt x 505.89pt>
File: figure/qqplot/2n100p500-eps-converted-to.pdf Graphic file (type pdf)

<use figure/qqplot/2n100p500-eps-converted-to.pdf>
Package pdftex.def Info: figure/qqplot/2n100p500-eps-converted-to.pdf used on i
nput line 1027.
(pdftex.def)             Requested size: 103.50105pt x 103.4997pt.
Package epstopdf Info: Source file: <figure/qqplot/2n100p800.eps>
(epstopdf)                    date: 2017-11-22 06:53:28
(epstopdf)                    size: 300105 bytes
(epstopdf)             Output file: <figure/qqplot/2n100p800-eps-converted-to.p
df>
(epstopdf)                    date: 2017-11-22 09:28:50
(epstopdf)                    size: 519685 bytes
(epstopdf)             Command: <repstopdf --outfile=figure/qqplot/2n100p800-ep
s-converted-to.pdf figure/qqplot/2n100p800.eps>
(epstopdf)             \includegraphics on input line 1030.
Package epstopdf Info: Output file is already uptodate.

<figure/qqplot/2n100p800-eps-converted-to.pdf, id=371, 505.89pt x 505.89pt>
File: figure/qqplot/2n100p800-eps-converted-to.pdf Graphic file (type pdf)

<use figure/qqplot/2n100p800-eps-converted-to.pdf>
Package pdftex.def Info: figure/qqplot/2n100p800-eps-converted-to.pdf used on i
nput line 1030.
(pdftex.def)             Requested size: 103.50105pt x 103.4997pt.
Package epstopdf Info: Source file: <figure/qqplot/2n150p200.eps>
(epstopdf)                    date: 2017-11-22 06:59:57
(epstopdf)                    size: 337417 bytes
(epstopdf)             Output file: <figure/qqplot/2n150p200-eps-converted-to.p
df>
(epstopdf)                    date: 2017-11-22 09:28:50
(epstopdf)                    size: 523794 bytes
(epstopdf)             Command: <repstopdf --outfile=figure/qqplot/2n150p200-ep
s-converted-to.pdf figure/qqplot/2n150p200.eps>
(epstopdf)             \includegraphics on input line 1034.
Package epstopdf Info: Output file is already uptodate.

<figure/qqplot/2n150p200-eps-converted-to.pdf, id=372, 505.89pt x 505.89pt>
File: figure/qqplot/2n150p200-eps-converted-to.pdf Graphic file (type pdf)

<use figure/qqplot/2n150p200-eps-converted-to.pdf>
Package pdftex.def Info: figure/qqplot/2n150p200-eps-converted-to.pdf used on i
nput line 1034.
(pdftex.def)             Requested size: 103.50105pt x 103.4997pt.
Package epstopdf Info: Source file: <figure/qqplot/2n150p500.eps>
(epstopdf)                    date: 2017-11-22 07:33:56
(epstopdf)                    size: 302153 bytes
(epstopdf)             Output file: <figure/qqplot/2n150p500-eps-converted-to.p
df>
(epstopdf)                    date: 2017-11-22 09:28:51
(epstopdf)                    size: 521949 bytes
(epstopdf)             Command: <repstopdf --outfile=figure/qqplot/2n150p500-ep
s-converted-to.pdf figure/qqplot/2n150p500.eps>
(epstopdf)             \includegraphics on input line 1037.
Package epstopdf Info: Output file is already uptodate.

<figure/qqplot/2n150p500-eps-converted-to.pdf, id=373, 505.89pt x 505.89pt>
File: figure/qqplot/2n150p500-eps-converted-to.pdf Graphic file (type pdf)

<use figure/qqplot/2n150p500-eps-converted-to.pdf>
Package pdftex.def Info: figure/qqplot/2n150p500-eps-converted-to.pdf used on i
nput line 1037.
(pdftex.def)             Requested size: 103.50105pt x 103.4997pt.
Package epstopdf Info: Source file: <figure/qqplot/2n150p800.eps>
(epstopdf)                    date: 2017-11-22 09:10:27
(epstopdf)                    size: 321993 bytes
(epstopdf)             Output file: <figure/qqplot/2n150p800-eps-converted-to.p
df>
(epstopdf)                    date: 2017-11-22 09:28:52
(epstopdf)                    size: 521921 bytes
(epstopdf)             Command: <repstopdf --outfile=figure/qqplot/2n150p800-ep
s-converted-to.pdf figure/qqplot/2n150p800.eps>
(epstopdf)             \includegraphics on input line 1040.
Package epstopdf Info: Output file is already uptodate.

<figure/qqplot/2n150p800-eps-converted-to.pdf, id=374, 505.89pt x 505.89pt>
File: figure/qqplot/2n150p800-eps-converted-to.pdf Graphic file (type pdf)

<use figure/qqplot/2n150p800-eps-converted-to.pdf>
Package pdftex.def Info: figure/qqplot/2n150p800-eps-converted-to.pdf used on i
nput line 1040.
(pdftex.def)             Requested size: 103.50105pt x 103.4997pt.
Package epstopdf Info: Source file: <figure/qqplot/1normal05.eps>
(epstopdf)                    date: 2017-11-21 22:29:26
(epstopdf)                    size: 295049 bytes
(epstopdf)             Output file: <figure/qqplot/1normal05-eps-converted-to.p
df>
(epstopdf)                    date: 2017-11-22 09:25:04
(epstopdf)                    size: 521183 bytes
(epstopdf)             Command: <repstopdf --outfile=figure/qqplot/1normal05-ep
s-converted-to.pdf figure/qqplot/1normal05.eps>
(epstopdf)             \includegraphics on input line 1050.
Package epstopdf Info: Output file is already uptodate.

<figure/qqplot/1normal05-eps-converted-to.pdf, id=375, 505.89pt x 505.89pt>
File: figure/qqplot/1normal05-eps-converted-to.pdf Graphic file (type pdf)

<use figure/qqplot/1normal05-eps-converted-to.pdf>
Package pdftex.def Info: figure/qqplot/1normal05-eps-converted-to.pdf used on i
nput line 1050.
(pdftex.def)             Requested size: 103.50105pt x 103.4997pt.
Package epstopdf Info: Source file: <figure/qqplot/1normal1.eps>
(epstopdf)                    date: 2017-11-21 23:01:21
(epstopdf)                    size: 295241 bytes
(epstopdf)             Output file: <figure/qqplot/1normal1-eps-converted-to.pd
f>
(epstopdf)                    date: 2017-11-22 09:25:05
(epstopdf)                    size: 520327 bytes
(epstopdf)             Command: <repstopdf --outfile=figure/qqplot/1normal1-eps
-converted-to.pdf figure/qqplot/1normal1.eps>
(epstopdf)             \includegraphics on input line 1053.
Package epstopdf Info: Output file is already uptodate.

<figure/qqplot/1normal1-eps-converted-to.pdf, id=376, 505.89pt x 505.89pt>
File: figure/qqplot/1normal1-eps-converted-to.pdf Graphic file (type pdf)

<use figure/qqplot/1normal1-eps-converted-to.pdf>
Package pdftex.def Info: figure/qqplot/1normal1-eps-converted-to.pdf used on in
put line 1053.
(pdftex.def)             Requested size: 103.50105pt x 103.4997pt.
Package epstopdf Info: Source file: <figure/qqplot/1normal2.eps>
(epstopdf)                    date: 2017-11-21 23:32:59
(epstopdf)                    size: 274825 bytes
(epstopdf)             Output file: <figure/qqplot/1normal2-eps-converted-to.pd
f>
(epstopdf)                    date: 2017-11-22 09:25:06
(epstopdf)                    size: 513469 bytes
(epstopdf)             Command: <repstopdf --outfile=figure/qqplot/1normal2-eps
-converted-to.pdf figure/qqplot/1normal2.eps>
(epstopdf)             \includegraphics on input line 1056.
Package epstopdf Info: Output file is already uptodate.

<figure/qqplot/1normal2-eps-converted-to.pdf, id=377, 505.89pt x 505.89pt>
File: figure/qqplot/1normal2-eps-converted-to.pdf Graphic file (type pdf)

<use figure/qqplot/1normal2-eps-converted-to.pdf>
Package pdftex.def Info: figure/qqplot/1normal2-eps-converted-to.pdf used on in
put line 1056.
(pdftex.def)             Requested size: 103.50105pt x 103.4997pt.
Package epstopdf Info: Source file: <figure/qqplot/1chiSquared05.eps>
(epstopdf)                    date: 2017-11-22 00:06:17
(epstopdf)                    size: 294217 bytes
(epstopdf)             Output file: <figure/qqplot/1chiSquared05-eps-converted-
to.pdf>
(epstopdf)                    date: 2017-11-22 09:25:06
(epstopdf)                    size: 520910 bytes
(epstopdf)             Command: <repstopdf --outfile=figure/qqplot/1chiSquared0
5-eps-converted-to.pdf figure/qqplot/1chiSquared05.eps>
(epstopdf)             \includegraphics on input line 1060.
Package epstopdf Info: Output file is already uptodate.

<figure/qqplot/1chiSquared05-eps-converted-to.pdf, id=378, 505.89pt x 505.89pt>
File: figure/qqplot/1chiSquared05-eps-converted-to.pdf Graphic file (type pdf)
<use figure/qqplot/1chiSquared05-eps-converted-to.pdf>
Package pdftex.def Info: figure/qqplot/1chiSquared05-eps-converted-to.pdf used 
on input line 1060.
(pdftex.def)             Requested size: 103.50105pt x 103.4997pt.
Package epstopdf Info: Source file: <figure/qqplot/1chiSquared1.eps>
(epstopdf)                    date: 2017-11-22 00:39:34
(epstopdf)                    size: 289353 bytes
(epstopdf)             Output file: <figure/qqplot/1chiSquared1-eps-converted-t
o.pdf>
(epstopdf)                    date: 2017-11-22 09:25:07
(epstopdf)                    size: 521439 bytes
(epstopdf)             Command: <repstopdf --outfile=figure/qqplot/1chiSquared1
-eps-converted-to.pdf figure/qqplot/1chiSquared1.eps>
(epstopdf)             \includegraphics on input line 1063.
Package epstopdf Info: Output file is already uptodate.

<figure/qqplot/1chiSquared1-eps-converted-to.pdf, id=379, 505.89pt x 505.89pt>
File: figure/qqplot/1chiSquared1-eps-converted-to.pdf Graphic file (type pdf)

<use figure/qqplot/1chiSquared1-eps-converted-to.pdf>
Package pdftex.def Info: figure/qqplot/1chiSquared1-eps-converted-to.pdf used o
n input line 1063.
(pdftex.def)             Requested size: 103.50105pt x 103.4997pt.
Package epstopdf Info: Source file: <figure/qqplot/1chiSquared2.eps>
(epstopdf)                    date: 2017-11-22 01:13:11
(epstopdf)                    size: 319817 bytes
(epstopdf)             Output file: <figure/qqplot/1chiSquared2-eps-converted-t
o.pdf>
(epstopdf)                    date: 2017-11-22 09:25:08
(epstopdf)                    size: 523412 bytes
(epstopdf)             Command: <repstopdf --outfile=figure/qqplot/1chiSquared2
-eps-converted-to.pdf figure/qqplot/1chiSquared2.eps>
(epstopdf)             \includegraphics on input line 1066.
Package epstopdf Info: Output file is already uptodate.

<figure/qqplot/1chiSquared2-eps-converted-to.pdf, id=380, 505.89pt x 505.89pt>
File: figure/qqplot/1chiSquared2-eps-converted-to.pdf Graphic file (type pdf)

<use figure/qqplot/1chiSquared2-eps-converted-to.pdf>
Package pdftex.def Info: figure/qqplot/1chiSquared2-eps-converted-to.pdf used o
n input line 1066.
(pdftex.def)             Requested size: 103.50105pt x 103.4997pt.
Package epstopdf Info: Source file: <figure/qqplot/1t05.eps>
(epstopdf)                    date: 2017-11-22 01:47:56
(epstopdf)                    size: 305225 bytes
(epstopdf)             Output file: <figure/qqplot/1t05-eps-converted-to.pdf>
(epstopdf)                    date: 2017-11-22 09:25:09
(epstopdf)                    size: 518863 bytes
(epstopdf)             Command: <repstopdf --outfile=figure/qqplot/1t05-eps-con
verted-to.pdf figure/qqplot/1t05.eps>
(epstopdf)             \includegraphics on input line 1070.
Package epstopdf Info: Output file is already uptodate.

<figure/qqplot/1t05-eps-converted-to.pdf, id=381, 505.89pt x 505.89pt>
File: figure/qqplot/1t05-eps-converted-to.pdf Graphic file (type pdf)

<use figure/qqplot/1t05-eps-converted-to.pdf>
Package pdftex.def Info: figure/qqplot/1t05-eps-converted-to.pdf used on input 
line 1070.
(pdftex.def)             Requested size: 103.50105pt x 103.4997pt.
Package epstopdf Info: Source file: <figure/qqplot/1t1.eps>
(epstopdf)                    date: 2017-11-22 02:22:51
(epstopdf)                    size: 327433 bytes
(epstopdf)             Output file: <figure/qqplot/1t1-eps-converted-to.pdf>
(epstopdf)                    date: 2017-11-22 09:25:10
(epstopdf)                    size: 524441 bytes
(epstopdf)             Command: <repstopdf --outfile=figure/qqplot/1t1-eps-conv
erted-to.pdf figure/qqplot/1t1.eps>
(epstopdf)             \includegraphics on input line 1073.
Package epstopdf Info: Output file is already uptodate.

<figure/qqplot/1t1-eps-converted-to.pdf, id=382, 505.89pt x 505.89pt>
File: figure/qqplot/1t1-eps-converted-to.pdf Graphic file (type pdf)

<use figure/qqplot/1t1-eps-converted-to.pdf>
Package pdftex.def Info: figure/qqplot/1t1-eps-converted-to.pdf used on input l
ine 1073.
(pdftex.def)             Requested size: 103.50105pt x 103.4997pt.
Package epstopdf Info: Source file: <figure/qqplot/1t2.eps>
(epstopdf)                    date: 2017-11-22 02:57:39
(epstopdf)                    size: 320585 bytes
(epstopdf)             Output file: <figure/qqplot/1t2-eps-converted-to.pdf>
(epstopdf)                    date: 2017-11-22 09:25:11
(epstopdf)                    size: 521643 bytes
(epstopdf)             Command: <repstopdf --outfile=figure/qqplot/1t2-eps-conv
erted-to.pdf figure/qqplot/1t2.eps>
(epstopdf)             \includegraphics on input line 1076.
Package epstopdf Info: Output file is already uptodate.

<figure/qqplot/1t2-eps-converted-to.pdf, id=383, 505.89pt x 505.89pt>
File: figure/qqplot/1t2-eps-converted-to.pdf Graphic file (type pdf)

<use figure/qqplot/1t2-eps-converted-to.pdf>
Package pdftex.def Info: figure/qqplot/1t2-eps-converted-to.pdf used on input l
ine 1076.
(pdftex.def)             Requested size: 103.50105pt x 103.4997pt.


LaTeX Warning: Reference `biaoge1' on page 18 undefined on input line 1087.


Overfull \hbox (57.29597pt too wide) in paragraph at lines 1102--1142
 [][] 
 []


LaTeX Warning: Float too large for page by 68.16478pt on input line 1142.


Overfull \hbox (57.29597pt too wide) in paragraph at lines 1150--1190
 [][] 
 []


LaTeX Warning: Float too large for page by 68.16478pt on input line 1190.


Overfull \hbox (57.29597pt too wide) in paragraph at lines 1197--1237
 [][] 
 []


LaTeX Warning: Float too large for page by 68.16478pt on input line 1237.


LaTeX Warning: Reference `fig:fig1' on page 18 undefined on input line 1249.

Package epstopdf Info: Source file: <figure/1QQPLOT1.eps>
(epstopdf)                    date: 2017-11-09 17:53:46
(epstopdf)                    size: 162438 bytes
(epstopdf)             Output file: <figure/1QQPLOT1-eps-converted-to.pdf>
(epstopdf)                    date: 2017-11-21 11:08:17
(epstopdf)                    size: 287987 bytes
(epstopdf)             Command: <repstopdf --outfile=figure/1QQPLOT1-eps-conver
ted-to.pdf figure/1QQPLOT1.eps>
(epstopdf)             \includegraphics on input line 1257.
Package epstopdf Info: Output file is already uptodate.
<figure/1QQPLOT1-eps-converted-to.pdf, id=385, 570.13pt x 347.2975pt>
File: figure/1QQPLOT1-eps-converted-to.pdf Graphic file (type pdf)

<use figure/1QQPLOT1-eps-converted-to.pdf>
Package pdftex.def Info: figure/1QQPLOT1-eps-converted-to.pdf used on input lin
e 1257.
(pdftex.def)             Requested size: 103.50105pt x 63.04608pt.
Package epstopdf Info: Source file: <figure/1QQPLOT1.eps>
(epstopdf)                    date: 2017-11-09 17:53:46
(epstopdf)                    size: 162438 bytes
(epstopdf)             Output file: <figure/1QQPLOT1-eps-converted-to.pdf>
(epstopdf)                    date: 2017-11-21 11:08:17
(epstopdf)                    size: 287987 bytes
(epstopdf)             Command: <repstopdf --outfile=figure/1QQPLOT1-eps-conver
ted-to.pdf figure/1QQPLOT1.eps>
(epstopdf)             \includegraphics on input line 1260.
Package epstopdf Info: Output file is already uptodate.
File: figure/1QQPLOT1-eps-converted-to.pdf Graphic file (type pdf)

<use figure/1QQPLOT1-eps-converted-to.pdf>
Package pdftex.def Info: figure/1QQPLOT1-eps-converted-to.pdf used on input lin
e 1260.
(pdftex.def)             Requested size: 103.50105pt x 63.04608pt.
Package epstopdf Info: Source file: <figure/1QQPLOT1.eps>
(epstopdf)                    date: 2017-11-09 17:53:46
(epstopdf)                    size: 162438 bytes
(epstopdf)             Output file: <figure/1QQPLOT1-eps-converted-to.pdf>
(epstopdf)                    date: 2017-11-21 11:08:17
(epstopdf)                    size: 287987 bytes
(epstopdf)             Command: <repstopdf --outfile=figure/1QQPLOT1-eps-conver
ted-to.pdf figure/1QQPLOT1.eps>
(epstopdf)             \includegraphics on input line 1263.
Package epstopdf Info: Output file is already uptodate.
File: figure/1QQPLOT1-eps-converted-to.pdf Graphic file (type pdf)

<use figure/1QQPLOT1-eps-converted-to.pdf>
Package pdftex.def Info: figure/1QQPLOT1-eps-converted-to.pdf used on input lin
e 1263.
(pdftex.def)             Requested size: 103.50105pt x 63.04608pt.
Package epstopdf Info: Source file: <figure/1QQPLOT1.eps>
(epstopdf)                    date: 2017-11-09 17:53:46
(epstopdf)                    size: 162438 bytes
(epstopdf)             Output file: <figure/1QQPLOT1-eps-converted-to.pdf>
(epstopdf)                    date: 2017-11-21 11:08:17
(epstopdf)                    size: 287987 bytes
(epstopdf)             Command: <repstopdf --outfile=figure/1QQPLOT1-eps-conver
ted-to.pdf figure/1QQPLOT1.eps>
(epstopdf)             \includegraphics on input line 1267.
Package epstopdf Info: Output file is already uptodate.
File: figure/1QQPLOT1-eps-converted-to.pdf Graphic file (type pdf)

<use figure/1QQPLOT1-eps-converted-to.pdf>
Package pdftex.def Info: figure/1QQPLOT1-eps-converted-to.pdf used on input lin
e 1267.
(pdftex.def)             Requested size: 103.50105pt x 63.04608pt.
Package epstopdf Info: Source file: <figure/1QQPLOT1.eps>
(epstopdf)                    date: 2017-11-09 17:53:46
(epstopdf)                    size: 162438 bytes
(epstopdf)             Output file: <figure/1QQPLOT1-eps-converted-to.pdf>
(epstopdf)                    date: 2017-11-21 11:08:17
(epstopdf)                    size: 287987 bytes
(epstopdf)             Command: <repstopdf --outfile=figure/1QQPLOT1-eps-conver
ted-to.pdf figure/1QQPLOT1.eps>
(epstopdf)             \includegraphics on input line 1270.
Package epstopdf Info: Output file is already uptodate.
File: figure/1QQPLOT1-eps-converted-to.pdf Graphic file (type pdf)

<use figure/1QQPLOT1-eps-converted-to.pdf>
Package pdftex.def Info: figure/1QQPLOT1-eps-converted-to.pdf used on input lin
e 1270.
(pdftex.def)             Requested size: 103.50105pt x 63.04608pt.
Package epstopdf Info: Source file: <figure/1QQPLOT1.eps>
(epstopdf)                    date: 2017-11-09 17:53:46
(epstopdf)                    size: 162438 bytes
(epstopdf)             Output file: <figure/1QQPLOT1-eps-converted-to.pdf>
(epstopdf)                    date: 2017-11-21 11:08:17
(epstopdf)                    size: 287987 bytes
(epstopdf)             Command: <repstopdf --outfile=figure/1QQPLOT1-eps-conver
ted-to.pdf figure/1QQPLOT1.eps>
(epstopdf)             \includegraphics on input line 1273.
Package epstopdf Info: Output file is already uptodate.
File: figure/1QQPLOT1-eps-converted-to.pdf Graphic file (type pdf)

<use figure/1QQPLOT1-eps-converted-to.pdf>
Package pdftex.def Info: figure/1QQPLOT1-eps-converted-to.pdf used on input lin
e 1273.
(pdftex.def)             Requested size: 103.50105pt x 63.04608pt.
Package epstopdf Info: Source file: <figure/1QQPLOT1.eps>
(epstopdf)                    date: 2017-11-09 17:53:46
(epstopdf)                    size: 162438 bytes
(epstopdf)             Output file: <figure/1QQPLOT1-eps-converted-to.pdf>
(epstopdf)                    date: 2017-11-21 11:08:17
(epstopdf)                    size: 287987 bytes
(epstopdf)             Command: <repstopdf --outfile=figure/1QQPLOT1-eps-conver
ted-to.pdf figure/1QQPLOT1.eps>
(epstopdf)             \includegraphics on input line 1277.
Package epstopdf Info: Output file is already uptodate.
File: figure/1QQPLOT1-eps-converted-to.pdf Graphic file (type pdf)

<use figure/1QQPLOT1-eps-converted-to.pdf>
Package pdftex.def Info: figure/1QQPLOT1-eps-converted-to.pdf used on input lin
e 1277.
(pdftex.def)             Requested size: 103.50105pt x 63.04608pt.
Package epstopdf Info: Source file: <figure/1QQPLOT1.eps>
(epstopdf)                    date: 2017-11-09 17:53:46
(epstopdf)                    size: 162438 bytes
(epstopdf)             Output file: <figure/1QQPLOT1-eps-converted-to.pdf>
(epstopdf)                    date: 2017-11-21 11:08:17
(epstopdf)                    size: 287987 bytes
(epstopdf)             Command: <repstopdf --outfile=figure/1QQPLOT1-eps-conver
ted-to.pdf figure/1QQPLOT1.eps>
(epstopdf)             \includegraphics on input line 1280.
Package epstopdf Info: Output file is already uptodate.
File: figure/1QQPLOT1-eps-converted-to.pdf Graphic file (type pdf)

<use figure/1QQPLOT1-eps-converted-to.pdf>
Package pdftex.def Info: figure/1QQPLOT1-eps-converted-to.pdf used on input lin
e 1280.
(pdftex.def)             Requested size: 103.50105pt x 63.04608pt.
Package epstopdf Info: Source file: <figure/1QQPLOT1.eps>
(epstopdf)                    date: 2017-11-09 17:53:46
(epstopdf)                    size: 162438 bytes
(epstopdf)             Output file: <figure/1QQPLOT1-eps-converted-to.pdf>
(epstopdf)                    date: 2017-11-21 11:08:17
(epstopdf)                    size: 287987 bytes
(epstopdf)             Command: <repstopdf --outfile=figure/1QQPLOT1-eps-conver
ted-to.pdf figure/1QQPLOT1.eps>
(epstopdf)             \includegraphics on input line 1283.
Package epstopdf Info: Output file is already uptodate.
File: figure/1QQPLOT1-eps-converted-to.pdf Graphic file (type pdf)

<use figure/1QQPLOT1-eps-converted-to.pdf>
Package pdftex.def Info: figure/1QQPLOT1-eps-converted-to.pdf used on input lin
e 1283.
(pdftex.def)             Requested size: 103.50105pt x 63.04608pt.
 [18] [19 <./figure/qqplot/2n50p200-eps-converted-to.pdf> <./figure/qqplot/2n50
p500-eps-converted-to.pdf> <./figure/qqplot/2n50p800-eps-converted-to.pdf> <./f
igure/qqplot/2n100p200-eps-converted-to.pdf> <./figure/qqplot/2n100p500-eps-con
verted-to.pdf> <./figure/qqplot/2n100p800-eps-converted-to.pdf> <./figure/qqplo
t/2n150p200-eps-converted-to.pdf> <./figure/qqplot/2n150p500-eps-converted-to.p
df> <./figure/qqplot/2n150p800-eps-converted-to.pdf>] [20 <./figure/qqplot/1nor
mal05-eps-converted-to.pdf> <./figure/qqplot/1normal1-eps-converted-to.pdf> <./
figure/qqplot/1normal2-eps-converted-to.pdf> <./figure/qqplot/1chiSquared05-eps
-converted-to.pdf> <./figure/qqplot/1chiSquared1-eps-converted-to.pdf> <./figur
e/qqplot/1chiSquared2-eps-converted-to.pdf> <./figure/qqplot/1t05-eps-converted
-to.pdf> <./figure/qqplot/1t1-eps-converted-to.pdf> <./figure/qqplot/1t2-eps-co
nverted-to.pdf>]
Package epstopdf Info: Source file: <figure/1QQPLOT1.eps>
(epstopdf)                    date: 2017-11-09 17:53:46
(epstopdf)                    size: 162438 bytes
(epstopdf)             Output file: <figure/1QQPLOT1-eps-converted-to.pdf>
(epstopdf)                    date: 2017-11-21 11:08:17
(epstopdf)                    size: 287987 bytes
(epstopdf)             Command: <repstopdf --outfile=figure/1QQPLOT1-eps-conver
ted-to.pdf figure/1QQPLOT1.eps>
(epstopdf)             \includegraphics on input line 1291.
Package epstopdf Info: Output file is already uptodate.
File: figure/1QQPLOT1-eps-converted-to.pdf Graphic file (type pdf)

<use figure/1QQPLOT1-eps-converted-to.pdf>
Package pdftex.def Info: figure/1QQPLOT1-eps-converted-to.pdf used on input lin
e 1291.
(pdftex.def)             Requested size: 103.50105pt x 63.04608pt.
Package epstopdf Info: Source file: <figure/1QQPLOT1.eps>
(epstopdf)                    date: 2017-11-09 17:53:46
(epstopdf)                    size: 162438 bytes
(epstopdf)             Output file: <figure/1QQPLOT1-eps-converted-to.pdf>
(epstopdf)                    date: 2017-11-21 11:08:17
(epstopdf)                    size: 287987 bytes
(epstopdf)             Command: <repstopdf --outfile=figure/1QQPLOT1-eps-conver
ted-to.pdf figure/1QQPLOT1.eps>
(epstopdf)             \includegraphics on input line 1294.
Package epstopdf Info: Output file is already uptodate.
File: figure/1QQPLOT1-eps-converted-to.pdf Graphic file (type pdf)

<use figure/1QQPLOT1-eps-converted-to.pdf>
Package pdftex.def Info: figure/1QQPLOT1-eps-converted-to.pdf used on input lin
e 1294.
(pdftex.def)             Requested size: 103.50105pt x 63.04608pt.
Package epstopdf Info: Source file: <figure/1QQPLOT1.eps>
(epstopdf)                    date: 2017-11-09 17:53:46
(epstopdf)                    size: 162438 bytes
(epstopdf)             Output file: <figure/1QQPLOT1-eps-converted-to.pdf>
(epstopdf)                    date: 2017-11-21 11:08:17
(epstopdf)                    size: 287987 bytes
(epstopdf)             Command: <repstopdf --outfile=figure/1QQPLOT1-eps-conver
ted-to.pdf figure/1QQPLOT1.eps>
(epstopdf)             \includegraphics on input line 1297.
Package epstopdf Info: Output file is already uptodate.
File: figure/1QQPLOT1-eps-converted-to.pdf Graphic file (type pdf)

<use figure/1QQPLOT1-eps-converted-to.pdf>
Package pdftex.def Info: figure/1QQPLOT1-eps-converted-to.pdf used on input lin
e 1297.
(pdftex.def)             Requested size: 103.50105pt x 63.04608pt.
Package epstopdf Info: Source file: <figure/1QQPLOT1.eps>
(epstopdf)                    date: 2017-11-09 17:53:46
(epstopdf)                    size: 162438 bytes
(epstopdf)             Output file: <figure/1QQPLOT1-eps-converted-to.pdf>
(epstopdf)                    date: 2017-11-21 11:08:17
(epstopdf)                    size: 287987 bytes
(epstopdf)             Command: <repstopdf --outfile=figure/1QQPLOT1-eps-conver
ted-to.pdf figure/1QQPLOT1.eps>
(epstopdf)             \includegraphics on input line 1301.
Package epstopdf Info: Output file is already uptodate.
File: figure/1QQPLOT1-eps-converted-to.pdf Graphic file (type pdf)

<use figure/1QQPLOT1-eps-converted-to.pdf>
Package pdftex.def Info: figure/1QQPLOT1-eps-converted-to.pdf used on input lin
e 1301.
(pdftex.def)             Requested size: 103.50105pt x 63.04608pt.
Package epstopdf Info: Source file: <figure/1QQPLOT1.eps>
(epstopdf)                    date: 2017-11-09 17:53:46
(epstopdf)                    size: 162438 bytes
(epstopdf)             Output file: <figure/1QQPLOT1-eps-converted-to.pdf>
(epstopdf)                    date: 2017-11-21 11:08:17
(epstopdf)                    size: 287987 bytes
(epstopdf)             Command: <repstopdf --outfile=figure/1QQPLOT1-eps-conver
ted-to.pdf figure/1QQPLOT1.eps>
(epstopdf)             \includegraphics on input line 1304.
Package epstopdf Info: Output file is already uptodate.
File: figure/1QQPLOT1-eps-converted-to.pdf Graphic file (type pdf)

<use figure/1QQPLOT1-eps-converted-to.pdf>
Package pdftex.def Info: figure/1QQPLOT1-eps-converted-to.pdf used on input lin
e 1304.
(pdftex.def)             Requested size: 103.50105pt x 63.04608pt.
Package epstopdf Info: Source file: <figure/1QQPLOT1.eps>
(epstopdf)                    date: 2017-11-09 17:53:46
(epstopdf)                    size: 162438 bytes
(epstopdf)             Output file: <figure/1QQPLOT1-eps-converted-to.pdf>
(epstopdf)                    date: 2017-11-21 11:08:17
(epstopdf)                    size: 287987 bytes
(epstopdf)             Command: <repstopdf --outfile=figure/1QQPLOT1-eps-conver
ted-to.pdf figure/1QQPLOT1.eps>
(epstopdf)             \includegraphics on input line 1307.
Package epstopdf Info: Output file is already uptodate.
File: figure/1QQPLOT1-eps-converted-to.pdf Graphic file (type pdf)

<use figure/1QQPLOT1-eps-converted-to.pdf>
Package pdftex.def Info: figure/1QQPLOT1-eps-converted-to.pdf used on input lin
e 1307.
(pdftex.def)             Requested size: 103.50105pt x 63.04608pt.
Package epstopdf Info: Source file: <figure/1QQPLOT1.eps>
(epstopdf)                    date: 2017-11-09 17:53:46
(epstopdf)                    size: 162438 bytes
(epstopdf)             Output file: <figure/1QQPLOT1-eps-converted-to.pdf>
(epstopdf)                    date: 2017-11-21 11:08:17
(epstopdf)                    size: 287987 bytes
(epstopdf)             Command: <repstopdf --outfile=figure/1QQPLOT1-eps-conver
ted-to.pdf figure/1QQPLOT1.eps>
(epstopdf)             \includegraphics on input line 1311.
Package epstopdf Info: Output file is already uptodate.
File: figure/1QQPLOT1-eps-converted-to.pdf Graphic file (type pdf)

<use figure/1QQPLOT1-eps-converted-to.pdf>
Package pdftex.def Info: figure/1QQPLOT1-eps-converted-to.pdf used on input lin
e 1311.
(pdftex.def)             Requested size: 103.50105pt x 63.04608pt.
Package epstopdf Info: Source file: <figure/1QQPLOT1.eps>
(epstopdf)                    date: 2017-11-09 17:53:46
(epstopdf)                    size: 162438 bytes
(epstopdf)             Output file: <figure/1QQPLOT1-eps-converted-to.pdf>
(epstopdf)                    date: 2017-11-21 11:08:17
(epstopdf)                    size: 287987 bytes
(epstopdf)             Command: <repstopdf --outfile=figure/1QQPLOT1-eps-conver
ted-to.pdf figure/1QQPLOT1.eps>
(epstopdf)             \includegraphics on input line 1314.
Package epstopdf Info: Output file is already uptodate.
File: figure/1QQPLOT1-eps-converted-to.pdf Graphic file (type pdf)

<use figure/1QQPLOT1-eps-converted-to.pdf>
Package pdftex.def Info: figure/1QQPLOT1-eps-converted-to.pdf used on input lin
e 1314.
(pdftex.def)             Requested size: 103.50105pt x 63.04608pt.
Package epstopdf Info: Source file: <figure/1QQPLOT1.eps>
(epstopdf)                    date: 2017-11-09 17:53:46
(epstopdf)                    size: 162438 bytes
(epstopdf)             Output file: <figure/1QQPLOT1-eps-converted-to.pdf>
(epstopdf)                    date: 2017-11-21 11:08:17
(epstopdf)                    size: 287987 bytes
(epstopdf)             Command: <repstopdf --outfile=figure/1QQPLOT1-eps-conver
ted-to.pdf figure/1QQPLOT1.eps>
(epstopdf)             \includegraphics on input line 1317.
Package epstopdf Info: Output file is already uptodate.
File: figure/1QQPLOT1-eps-converted-to.pdf Graphic file (type pdf)

<use figure/1QQPLOT1-eps-converted-to.pdf>
Package pdftex.def Info: figure/1QQPLOT1-eps-converted-to.pdf used on input lin
e 1317.
(pdftex.def)             Requested size: 103.50105pt x 63.04608pt.
 [21 <./figure/1QQPLOT1-eps-converted-to.pdf>] [22] [23]
Overfull \hbox (67.08179pt too wide) detected at line 1451
[] []
 []


Overfull \hbox (16.77835pt too wide) in paragraph at lines 1455--1458
\OT1/cmr/m/n/10 By Helly's se-lec-tion the-o-rem, there's a sub-se-quence of $\
OMS/cmsy/m/n/10 f\OML/cmm/m/it/10 n\OMS/cmsy/m/n/10 g$ \OT1/cmr/m/n/10 along wh
ich $[][] \OML/cmm/m/it/10 b[] \OT1/cmr/m/n/10 =
 []

[24] [25]
Overfull \hbox (85.31873pt too wide) detected at line 1579
[] []
 []


Overfull \hbox (27.8134pt too wide) detected at line 1625
[] []
 []

[26] [27]
Overfull \hbox (24.123pt too wide) detected at line 1705
[] []
 []


Overfull \hbox (4.2205pt too wide) in paragraph at lines 1717--1718
[]\OT1/cmr/m/n/10 Since the eigen-val-ues of $\OML/cmm/m/it/10 n[]\OT1/cmr/bx/n
/10 W[] \OMS/cmsy/m/n/10 ^^@ \OT1/cmr/bx/n/10 I[]$ \OT1/cmr/m/n/10 are $\OML/cm
m/m/it/10 n[]^^U[]\OT1/cmr/m/n/10 (\OT1/cmr/bx/n/10 W[]\OT1/cmr/m/n/10 ) \OMS/c
msy/m/n/10 ^^@ \OT1/cmr/m/n/10 1\OML/cmm/m/it/10 ; [] ; n[]^^U[]\OT1/cmr/m/n/10
 (\OT1/cmr/bx/n/10 W[]\OT1/cmr/m/n/10 ) \OMS/cmsy/m/n/10 ^^@
 []


Overfull \hbox (74.21573pt too wide) detected at line 1725
[] []\OMS/cmsy/m/n/10 k[]\OT1/cmr/bx/n/10 W[] \OMS/cmsy/m/n/10 ^^@ \OT1/cmr/bx/
n/10 I[]\OMS/cmsy/m/n/10 k \OML/cmm/m/it/10 > \OT1/cmr/m/n/10 4[][] + [][][] \O
MS/cmsy/m/n/10 ^^T [] []\OML/cmm/m/it/10 ^^U[]\OT1/cmr/m/n/10 (\OT1/cmr/bx/n/10
 W[]\OT1/cmr/m/n/10 ) \OML/cmm/m/it/10 > [][] \OT1/cmr/m/n/10 + 2[][][][] + [] 
[]\OML/cmm/m/it/10 ^^U[]\OT1/cmr/m/n/10 (\OT1/cmr/bx/n/10 W[]\OT1/cmr/m/n/10 ) 
\OML/cmm/m/it/10 < n \OMS/cmsy/m/n/10 ^^@ \OT1/cmr/m/n/10 4[] \OMS/cmsy/m/n/10 
^^@ \OT1/cmr/m/n/10 4\OML/cmm/m/it/10 p[]:
 []

[28]
Overfull \hbox (15.28241pt too wide) in paragraph at lines 1773--1783
\OT1/cmr/m/n/10 trix $\OT1/cmr/bx/n/10 S$ \OT1/cmr/m/n/10 has the same dis-tri-
bu-tion as the ran-dom ma-trix $[][]\OT1/cmr/bx/n/10 UE[]ZZ[]E[]U[]$\OT1/cmr/m/
n/10 .
 []

[29]
Overfull \hbox (0.96474pt too wide) detected at line 1840
[]\OML/cmm/m/it/10 ^^U[]\OT1/cmr/m/n/10 (\OT1/cmr/bx/n/10 Z[]EZ\OT1/cmr/m/n/10 
) = []\OML/cmm/m/it/10 ^^U[][]\OT1/cmr/bx/n/10 Z[]\OT1/cmr/m/n/10 ([] + \OML/cm
m/m/it/10 ^^[[]\OT1/cmr/bx/n/10 I[]\OT1/cmr/m/n/10 )\OT1/cmr/bx/n/10 Z[][] \OT1
/cmr/m/n/10 + []\OML/cmm/m/it/10 ^^[[] \OT1/cmr/m/n/10 + \OML/cmm/m/it/10 O[][]
 [] [][]; \OT1/cmr/m/n/10 1[][]\OML/cmm/m/it/10 :
 []


Overfull \hbox (6.68484pt too wide) detected at line 1870
[]\OML/cmm/m/it/10 ^^U[]\OT1/cmr/m/n/10 (\OT1/cmr/bx/n/10 Z[]EZ\OT1/cmr/m/n/10 
) = [][] + []\OML/cmm/m/it/10 ^^[[] \OT1/cmr/m/n/10 + \OML/cmm/m/it/10 O[][] []
 [][]; []; \OT1/cmr/m/n/10 1[][]\OML/cmm/m/it/10 ;  i \OT1/cmr/m/n/10 = 1\OML/c
mm/m/it/10 ; [] ; r:
 []

[30]
Overfull \hbox (15.68959pt too wide) detected at line 1907
[][] []\OT1/cmr/m/n/10 (\OT1/cmr/bx/n/10 Z[]EZ\OT1/cmr/m/n/10 ) \OMS/cmsy/m/n/1
0 ^^@ [] \OML/cmm/m/it/10 ^^U[]\OT1/cmr/m/n/10 (\OT1/cmr/bx/n/10 Z[]EZ\OT1/cmr/
m/n/10 )[] = (1 \OMS/cmsy/m/n/10 ^^@ []\OT1/cmr/m/n/10 )\OML/cmm/m/it/10 ^^[[] 
\OT1/cmr/m/n/10 + \OML/cmm/m/it/10 O[][] [] [][]; [][][]:
 []

[31]
Overfull \hbox (81.17381pt too wide) detected at line 1964
\OML/cmm/m/it/10 ^^U[][][]\OT1/cmr/bx/n/10 V\OT1/cmr/m/n/10 ([] + \OML/cmm/m/it
/10 ^^[[]\OT1/cmr/bx/n/10 I[]\OT1/cmr/m/n/10 )[]\OT1/cmr/bx/n/10 Z[]Z[]\OT1/cmr
/m/n/10 ([] + \OML/cmm/m/it/10 ^^[[]\OT1/cmr/bx/n/10 I[]\OT1/cmr/m/n/10 )[]\OT1
/cmr/bx/n/10 V[][] \OT1/cmr/m/n/10 = []\OML/cmm/m/it/10 ^^U[][]\OT1/cmr/m/n/10 
([] + \OML/cmm/m/it/10 ^^[[]\OT1/cmr/bx/n/10 I[]\OT1/cmr/m/n/10 )[]\OT1/cmr/bx/
n/10 Z[]Z[]\OT1/cmr/m/n/10 ([] + \OML/cmm/m/it/10 ^^[[]\OT1/cmr/bx/n/10 I[]\OT1
/cmr/m/n/10 )[][]\OML/cmm/m/it/10 :
 []


Overfull \hbox (59.5921pt too wide) detected at line 2009
[] []
 []

[32]
Overfull \hbox (3.02975pt too wide) detected at line 2039
[] []
 []


Overfull \hbox (82.54094pt too wide) detected at line 2073
[] []
 []


Overfull \hbox (30.12752pt too wide) detected at line 2110
[] []
 []

[33]
Overfull \hbox (77.26332pt too wide) detected at line 2144
[] []
 []


Overfull \hbox (12.41568pt too wide) detected at line 2162
[] []
 []


Overfull \hbox (33.47968pt too wide) detected at line 2189
[] []
 []

[34] [35]
Overfull \hbox (23.71692pt too wide) detected at line 2273
[] []
 []

[36]
Overfull \hbox (7.59096pt too wide) in paragraph at lines 2347--2349
\OT1/cmr/m/n/10 Then for ev-ery sub-se-quence $\OMS/cmsy/m/n/10 f\OML/cmm/m/it/
10 n\OT1/cmr/m/n/10 (\OML/cmm/m/it/10 k\OT1/cmr/m/n/10 )\OMS/cmsy/m/n/10 g$ \OT
1/cmr/m/n/10 of $\OMS/cmsy/m/n/10 f\OML/cmm/m/it/10 n\OMS/cmsy/m/n/10 g$\OT1/cm
r/m/n/10 , there's a fur-ther sub-se-quence $[]\OML/cmm/m/it/10 n[]k\OT1/cmr/m/
n/10 (\OML/cmm/m/it/10 l\OT1/cmr/m/n/10 )[][]$
 []

[37] (./main.bbl
Underfull \hbox (badness 1038) in paragraph at lines 65--74
[]\OT1/cmr/m/n/10 Chen, L.S., Paul, D., Pren-tice, R.L., Wang, P., 2011.  A reg
-u-lar-ized
 []

[38]
Underfull \hbox (badness 1755) in paragraph at lines 84--94
\OT1/cmr/m/n/10 nach Spaces. vol-ume 1.  North-Holland, Am-s-ter-dam.  URL: []$
\OT1/cmtt/m/n/10 http :
 []


Underfull \hbox (badness 10000) in paragraph at lines 84--94
\OT1/cmtt/m/n/10 / / www . sciencedirect . com / science / article / pii / S187
4584901800103$[]\OT1/cmr/m/n/10 ,
 []


Underfull \hbox (badness 3199) in paragraph at lines 84--94
\OT1/cmr/m/n/10 doi:[]$\OT1/cmtt/m/n/10 http : / / dx . doi . org / 10 . 1016 /
 S1874-[]5849(01 ) 80010-[]3$[]\OT1/cmr/m/n/10 . hand-book of
 []

[39])
Package atveryend Info: Empty hook `BeforeClearDocument' on input line 2446.
 [40] [41] [42] [43]
Package atveryend Info: Empty hook `AfterLastShipout' on input line 2446.
 (./main.aux)
Package atveryend Info: Executing hook `AtVeryEndDocument' on input line 2446.
Package atveryend Info: Executing hook `AtEndAfterFileList' on input line 2446.

Package rerunfilecheck Info: File `main.out' has not changed.
(rerunfilecheck)             Checksum: 64EBBF908C8F18CE9ACF343944F1A424;559.


LaTeX Warning: There were undefined references.


LaTeX Warning: There were multiply-defined labels.

Package atveryend Info: Empty hook `AtVeryVeryEnd' on input line 2446.
 ) 
Here is how much of TeX's memory you used:
 7877 strings out of 493029
 111254 string characters out of 6136235
 250659 words of memory out of 5000000
 11072 multiletter control sequences out of 15000+600000
 15881 words of font info for 59 fonts, out of 8000000 for 9000
 1141 hyphenation exceptions out of 8191
 34i,17n,34p,400b,507s stack positions out of 5000i,500n,10000p,200000b,80000s
</usr/share/texlive/texmf-dist/fonts/type1/public/amsfonts/cm/cmbx10.pfb></us
r/share/texlive/texmf-dist/fonts/type1/public/amsfonts/cm/cmbxti10.pfb></usr/sh
are/texlive/texmf-dist/fonts/type1/public/amsfonts/cm/cmex10.pfb></usr/share/te
xlive/texmf-dist/fonts/type1/public/amsfonts/cmextra/cmex8.pfb></usr/share/texl
ive/texmf-dist/fonts/type1/public/amsfonts/cm/cmmi10.pfb></usr/share/texlive/te
xmf-dist/fonts/type1/public/amsfonts/cm/cmmi5.pfb></usr/share/texlive/texmf-dis
t/fonts/type1/public/amsfonts/cm/cmmi6.pfb></usr/share/texlive/texmf-dist/fonts
/type1/public/amsfonts/cm/cmmi7.pfb></usr/share/texlive/texmf-dist/fonts/type1/
public/amsfonts/cm/cmmi8.pfb></usr/share/texlive/texmf-dist/fonts/type1/public/
amsfonts/cm/cmmib10.pfb></usr/share/texlive/texmf-dist/fonts/type1/public/amsfo
nts/cmextra/cmmib7.pfb></usr/share/texlive/texmf-dist/fonts/type1/public/amsfon
ts/cm/cmr10.pfb></usr/share/texlive/texmf-dist/fonts/type1/public/amsfonts/cm/c
mr12.pfb></usr/share/texlive/texmf-dist/fonts/type1/public/amsfonts/cm/cmr5.pfb
></usr/share/texlive/texmf-dist/fonts/type1/public/amsfonts/cm/cmr6.pfb></usr/s
hare/texlive/texmf-dist/fonts/type1/public/amsfonts/cm/cmr7.pfb></usr/share/tex
live/texmf-dist/fonts/type1/public/amsfonts/cm/cmr8.pfb></usr/share/texlive/tex
mf-dist/fonts/type1/public/amsfonts/cm/cmsy10.pfb></usr/share/texlive/texmf-dis
t/fonts/type1/public/amsfonts/cm/cmsy6.pfb></usr/share/texlive/texmf-dist/fonts
/type1/public/amsfonts/cm/cmsy7.pfb></usr/share/texlive/texmf-dist/fonts/type1/
public/amsfonts/cm/cmsy8.pfb></usr/share/texlive/texmf-dist/fonts/type1/public/
amsfonts/cm/cmti10.pfb></usr/share/texlive/texmf-dist/fonts/type1/public/amsfon
ts/cm/cmti7.pfb></usr/share/texlive/texmf-dist/fonts/type1/public/amsfonts/cm/c
mti8.pfb></usr/share/texlive/texmf-dist/fonts/type1/public/amsfonts/cm/cmtt10.p
fb></usr/share/texlive/texmf-dist/fonts/type1/public/amsfonts/cm/cmtt8.pfb></us
r/share/texlive/texmf-dist/fonts/type1/public/amsfonts/symbols/msbm10.pfb></usr
/share/texlive/texmf-dist/fonts/type1/public/amsfonts/symbols/msbm7.pfb>
Output written on main.pdf (43 pages, 10054852 bytes).
PDF statistics:
 970 PDF objects out of 1000 (max. 8388607)
 831 compressed objects within 9 object streams
 177 named destinations out of 1000 (max. 500000)
 168 words of extra memory for PDF output out of 10000 (max. 10000000)

